  Determining projects to restore...
  All projects are up-to-date for restore.
  CMS.Domain -> C:\Users\simmy\Desktop\CMS\CMS_BE\CMS.Domain\bin\Debug\net8.0\CMS.Domain.dll
  CMS.Data -> C:\Users\simmy\Desktop\CMS\CMS_BE\CMS.Data\bin\Debug\net8.0\CMS.Data.dll
C:\Users\simmy\Desktop\CMS\CMS_BE\CMS.Application\Auth\Interfaces\IEmailService.cs(7,107): warning CS8625: Cannot convert null literal to non-nullable reference type. [C:\Users\simmy\Desktop\CMS\CMS_BE\CMS.Application\CMS.Application.csproj]
C:\Users\simmy\Desktop\CMS\CMS_BE\CMS.Application\Auth\DTOs\Requests\AcceptInviteRequest.cs(5,23): warning CS8618: Non-nullable property 'Token' must contain a non-null value when exiting constructor. Consider declaring the property as nullable. [C:\Users\simmy\Desktop\CMS\CMS_BE\CMS.Application\CMS.Application.csproj]
C:\Users\simmy\Desktop\CMS\CMS_BE\CMS.Application\Auth\DTOs\Requests\AcceptInviteRequest.cs(6,23): warning CS8618: Non-nullable property 'NewPassword' must contain a non-null value when exiting constructor. Consider declaring the property as nullable. [C:\Users\simmy\Desktop\CMS\CMS_BE\CMS.Application\CMS.Application.csproj]
C:\Users\simmy\Desktop\CMS\CMS_BE\CMS.Application\Auth\DTOs\Requests\ChangePasswordRequest.cs(5,23): warning CS8618: Non-nullable property 'CurrentPassword' must contain a non-null value when exiting constructor. Consider declaring the property as nullable. [C:\Users\simmy\Desktop\CMS\CMS_BE\CMS.Application\CMS.Application.csproj]
C:\Users\simmy\Desktop\CMS\CMS_BE\CMS.Application\Auth\DTOs\Requests\ChangePasswordRequest.cs(6,23): warning CS8618: Non-nullable property 'NewPassword' must contain a non-null value when exiting constructor. Consider declaring the property as nullable. [C:\Users\simmy\Desktop\CMS\CMS_BE\CMS.Application\CMS.Application.csproj]
C:\Users\simmy\Desktop\CMS\CMS_BE\CMS.Application\Auth\DTOs\Requests\ForgotPasswordRequest.cs(5,23): warning CS8618: Non-nullable property 'Email' must contain a non-null value when exiting constructor. Consider declaring the property as nullable. [C:\Users\simmy\Desktop\CMS\CMS_BE\CMS.Application\CMS.Application.csproj]
C:\Users\simmy\Desktop\CMS\CMS_BE\CMS.Application\Auth\DTOs\Requests\ResetPasswordRequest.cs(5,23): warning CS8618: Non-nullable property 'Email' must contain a non-null value when exiting constructor. Consider declaring the property as nullable. [C:\Users\simmy\Desktop\CMS\CMS_BE\CMS.Application\CMS.Application.csproj]
C:\Users\simmy\Desktop\CMS\CMS_BE\CMS.Application\Auth\DTOs\Requests\ResetPasswordRequest.cs(6,23): warning CS8618: Non-nullable property 'Code' must contain a non-null value when exiting constructor. Consider declaring the property as nullable. [C:\Users\simmy\Desktop\CMS\CMS_BE\CMS.Application\CMS.Application.csproj]
C:\Users\simmy\Desktop\CMS\CMS_BE\CMS.Application\Auth\DTOs\Requests\ResetPasswordRequest.cs(7,23): warning CS8618: Non-nullable property 'NewPassword' must contain a non-null value when exiting constructor. Consider declaring the property as nullable. [C:\Users\simmy\Desktop\CMS\CMS_BE\CMS.Application\CMS.Application.csproj]
C:\Users\simmy\Desktop\CMS\CMS_BE\CMS.Application\Auth\DTOs\Requests\SendOtpRequest.cs(5,23): warning CS8618: Non-nullable property 'Email' must contain a non-null value when exiting constructor. Consider declaring the property as nullable. [C:\Users\simmy\Desktop\CMS\CMS_BE\CMS.Application\CMS.Application.csproj]
C:\Users\simmy\Desktop\CMS\CMS_BE\CMS.Application\Auth\DTOs\Requests\VerifyOtpRequest.cs(7,23): warning CS8618: Non-nullable property 'Email' must contain a non-null value when exiting constructor. Consider declaring the property as nullable. [C:\Users\simmy\Desktop\CMS\CMS_BE\CMS.Application\CMS.Application.csproj]
C:\Users\simmy\Desktop\CMS\CMS_BE\CMS.Application\Auth\DTOs\Requests\VerifyOtpRequest.cs(8,23): warning CS8618: Non-nullable property 'Code' must contain a non-null value when exiting constructor. Consider declaring the property as nullable. [C:\Users\simmy\Desktop\CMS\CMS_BE\CMS.Application\CMS.Application.csproj]
C:\Users\simmy\Desktop\CMS\CMS_BE\CMS.Application\Auth\DTOs\Requests\VerifyOtpRequest.cs(9,23): warning CS8618: Non-nullable property 'Purpose' must contain a non-null value when exiting constructor. Consider declaring the property as nullable. [C:\Users\simmy\Desktop\CMS\CMS_BE\CMS.Application\CMS.Application.csproj]
C:\Users\simmy\Desktop\CMS\CMS_BE\CMS.Application\Auth\Services\AuthService.cs(97,128): warning CS8625: Cannot convert null literal to non-nullable reference type. [C:\Users\simmy\Desktop\CMS\CMS_BE\CMS.Application\CMS.Application.csproj]
C:\Users\simmy\Desktop\CMS\CMS_BE\CMS.Application\Auth\Services\AuthService.cs(124,112): warning CS8625: Cannot convert null literal to non-nullable reference type. [C:\Users\simmy\Desktop\CMS\CMS_BE\CMS.Application\CMS.Application.csproj]
C:\Users\simmy\Desktop\CMS\CMS_BE\CMS.Application\EMR\Services\PatientQueueService.cs(164,54): error CS1061: 'User' does not contain a definition for 'FirstName' and no accessible extension method 'FirstName' accepting a first argument of type 'User' could be found (are you missing a using directive or an assembly reference?) [C:\Users\simmy\Desktop\CMS\CMS_BE\CMS.Application\CMS.Application.csproj]
C:\Users\simmy\Desktop\CMS\CMS_BE\CMS.Application\EMR\Services\PatientQueueService.cs(164,71): error CS1061: 'User' does not contain a definition for 'LastName' and no accessible extension method 'LastName' accepting a first argument of type 'User' could be found (are you missing a using directive or an assembly reference?) [C:\Users\simmy\Desktop\CMS\CMS_BE\CMS.Application\CMS.Application.csproj]
C:\Users\simmy\Desktop\CMS\CMS_BE\CMS.Application\Appointments\Services\TimeSlotService.cs(126,33): warning CS1998: This async method lacks 'await' operators and will run synchronously. Consider using the 'await' operator to await non-blocking API calls, or 'await Task.Run(...)' to do CPU-bound work on a background thread. [C:\Users\simmy\Desktop\CMS\CMS_BE\CMS.Application\CMS.Application.csproj]
C:\Users\simmy\Desktop\CMS\CMS_BE\CMS.Application\EMR\Services\EncounterService.cs(302,24): warning CS8601: Possible null reference assignment. [C:\Users\simmy\Desktop\CMS\CMS_BE\CMS.Application\CMS.Application.csproj]
C:\Users\simmy\Desktop\CMS\CMS_BE\CMS.Application\EMR\Services\EncounterService.cs(303,34): warning CS8601: Possible null reference assignment. [C:\Users\simmy\Desktop\CMS\CMS_BE\CMS.Application\CMS.Application.csproj]

Build FAILED.

C:\Users\simmy\Desktop\CMS\CMS_BE\CMS.Application\Auth\Interfaces\IEmailService.cs(7,107): warning CS8625: Cannot convert null literal to non-nullable reference type. [C:\Users\simmy\Desktop\CMS\CMS_BE\CMS.Application\CMS.Application.csproj]
C:\Users\simmy\Desktop\CMS\CMS_BE\CMS.Application\Auth\DTOs\Requests\AcceptInviteRequest.cs(5,23): warning CS8618: Non-nullable property 'Token' must contain a non-null value when exiting constructor. Consider declaring the property as nullable. [C:\Users\simmy\Desktop\CMS\CMS_BE\CMS.Application\CMS.Application.csproj]
C:\Users\simmy\Desktop\CMS\CMS_BE\CMS.Application\Auth\DTOs\Requests\AcceptInviteRequest.cs(6,23): warning CS8618: Non-nullable property 'NewPassword' must contain a non-null value when exiting constructor. Consider declaring the property as nullable. [C:\Users\simmy\Desktop\CMS\CMS_BE\CMS.Application\CMS.Application.csproj]
C:\Users\simmy\Desktop\CMS\CMS_BE\CMS.Application\Auth\DTOs\Requests\ChangePasswordRequest.cs(5,23): warning CS8618: Non-nullable property 'CurrentPassword' must contain a non-null value when exiting constructor. Consider declaring the property as nullable. [C:\Users\simmy\Desktop\CMS\CMS_BE\CMS.Application\CMS.Application.csproj]
C:\Users\simmy\Desktop\CMS\CMS_BE\CMS.Application\Auth\DTOs\Requests\ChangePasswordRequest.cs(6,23): warning CS8618: Non-nullable property 'NewPassword' must contain a non-null value when exiting constructor. Consider declaring the property as nullable. [C:\Users\simmy\Desktop\CMS\CMS_BE\CMS.Application\CMS.Application.csproj]
C:\Users\simmy\Desktop\CMS\CMS_BE\CMS.Application\Auth\DTOs\Requests\ForgotPasswordRequest.cs(5,23): warning CS8618: Non-nullable property 'Email' must contain a non-null value when exiting constructor. Consider declaring the property as nullable. [C:\Users\simmy\Desktop\CMS\CMS_BE\CMS.Application\CMS.Application.csproj]
C:\Users\simmy\Desktop\CMS\CMS_BE\CMS.Application\Auth\DTOs\Requests\ResetPasswordRequest.cs(5,23): warning CS8618: Non-nullable property 'Email' must contain a non-null value when exiting constructor. Consider declaring the property as nullable. [C:\Users\simmy\Desktop\CMS\CMS_BE\CMS.Application\CMS.Application.csproj]
C:\Users\simmy\Desktop\CMS\CMS_BE\CMS.Application\Auth\DTOs\Requests\ResetPasswordRequest.cs(6,23): warning CS8618: Non-nullable property 'Code' must contain a non-null value when exiting constructor. Consider declaring the property as nullable. [C:\Users\simmy\Desktop\CMS\CMS_BE\CMS.Application\CMS.Application.csproj]
C:\Users\simmy\Desktop\CMS\CMS_BE\CMS.Application\Auth\DTOs\Requests\ResetPasswordRequest.cs(7,23): warning CS8618: Non-nullable property 'NewPassword' must contain a non-null value when exiting constructor. Consider declaring the property as nullable. [C:\Users\simmy\Desktop\CMS\CMS_BE\CMS.Application\CMS.Application.csproj]
C:\Users\simmy\Desktop\CMS\CMS_BE\CMS.Application\Auth\DTOs\Requests\SendOtpRequest.cs(5,23): warning CS8618: Non-nullable property 'Email' must contain a non-null value when exiting constructor. Consider declaring the property as nullable. [C:\Users\simmy\Desktop\CMS\CMS_BE\CMS.Application\CMS.Application.csproj]
C:\Users\simmy\Desktop\CMS\CMS_BE\CMS.Application\Auth\DTOs\Requests\VerifyOtpRequest.cs(7,23): warning CS8618: Non-nullable property 'Email' must contain a non-null value when exiting constructor. Consider declaring the property as nullable. [C:\Users\simmy\Desktop\CMS\CMS_BE\CMS.Application\CMS.Application.csproj]
C:\Users\simmy\Desktop\CMS\CMS_BE\CMS.Application\Auth\DTOs\Requests\VerifyOtpRequest.cs(8,23): warning CS8618: Non-nullable property 'Code' must contain a non-null value when exiting constructor. Consider declaring the property as nullable. [C:\Users\simmy\Desktop\CMS\CMS_BE\CMS.Application\CMS.Application.csproj]
C:\Users\simmy\Desktop\CMS\CMS_BE\CMS.Application\Auth\DTOs\Requests\VerifyOtpRequest.cs(9,23): warning CS8618: Non-nullable property 'Purpose' must contain a non-null value when exiting constructor. Consider declaring the property as nullable. [C:\Users\simmy\Desktop\CMS\CMS_BE\CMS.Application\CMS.Application.csproj]
C:\Users\simmy\Desktop\CMS\CMS_BE\CMS.Application\Auth\Services\AuthService.cs(97,128): warning CS8625: Cannot convert null literal to non-nullable reference type. [C:\Users\simmy\Desktop\CMS\CMS_BE\CMS.Application\CMS.Application.csproj]
C:\Users\simmy\Desktop\CMS\CMS_BE\CMS.Application\Auth\Services\AuthService.cs(124,112): warning CS8625: Cannot convert null literal to non-nullable reference type. [C:\Users\simmy\Desktop\CMS\CMS_BE\CMS.Application\CMS.Application.csproj]
C:\Users\simmy\Desktop\CMS\CMS_BE\CMS.Application\Appointments\Services\TimeSlotService.cs(126,33): warning CS1998: This async method lacks 'await' operators and will run synchronously. Consider using the 'await' operator to await non-blocking API calls, or 'await Task.Run(...)' to do CPU-bound work on a background thread. [C:\Users\simmy\Desktop\CMS\CMS_BE\CMS.Application\CMS.Application.csproj]
C:\Users\simmy\Desktop\CMS\CMS_BE\CMS.Application\EMR\Services\EncounterService.cs(302,24): warning CS8601: Possible null reference assignment. [C:\Users\simmy\Desktop\CMS\CMS_BE\CMS.Application\CMS.Application.csproj]
C:\Users\simmy\Desktop\CMS\CMS_BE\CMS.Application\EMR\Services\EncounterService.cs(303,34): warning CS8601: Possible null reference assignment. [C:\Users\simmy\Desktop\CMS\CMS_BE\CMS.Application\CMS.Application.csproj]
C:\Users\simmy\Desktop\CMS\CMS_BE\CMS.Application\EMR\Services\PatientQueueService.cs(164,54): error CS1061: 'User' does not contain a definition for 'FirstName' and no accessible extension method 'FirstName' accepting a first argument of type 'User' could be found (are you missing a using directive or an assembly reference?) [C:\Users\simmy\Desktop\CMS\CMS_BE\CMS.Application\CMS.Application.csproj]
C:\Users\simmy\Desktop\CMS\CMS_BE\CMS.Application\EMR\Services\PatientQueueService.cs(164,71): error CS1061: 'User' does not contain a definition for 'LastName' and no accessible extension method 'LastName' accepting a first argument of type 'User' could be found (are you missing a using directive or an assembly reference?) [C:\Users\simmy\Desktop\CMS\CMS_BE\CMS.Application\CMS.Application.csproj]
    18 Warning(s)
    2 Error(s)

Time Elapsed 00:00:01.63
